<?xml version="1.0" encoding="utf-8" standalone="no"?>
<!--This file represents the results of running a test suite-->
<test-results name="C:\projects\ThemePark\ThemePark.Tests\bin\Debug\ThemePark.Tests.dll" total="1" errors="0" failures="0" not-run="0" inconclusive="0" ignored="0" skipped="0" invalid="0" date="2010-07-03" time="18:47:57">
  <environment nunit-version="2.5.5.10112" clr-version="2.0.50727.4927" os-version="Microsoft Windows NT 6.1.7600.0" platform="Win32NT" cwd="C:\Program Files (x86)\NUnit 2.5.5\bin\net-2.0" machine-name="HEPHAESTUS" user="Joel" user-domain="HEPHAESTUS" />
  <culture-info current-culture="en-US" current-uiculture="en-US" />
  <test-suite type="Assembly" name="C:\projects\ThemePark\ThemePark.Tests\bin\Debug\ThemePark.Tests.dll" executed="True" result="Success" success="True" time="0.892" asserts="0">
    <results>
      <test-suite type="Namespace" name="ThemePark" executed="True" result="Success" success="True" time="0.878" asserts="0">
        <results>
          <test-suite type="Namespace" name="Tests" executed="True" result="Success" success="True" time="0.874" asserts="0">
            <results>
              <test-suite type="TestFixture" name="ColorMathFeature" description="ColorMath" executed="True" result="Success" success="True" time="0.872" asserts="0">
                <results>
                  <test-case name="ThemePark.Tests.ColorMathFeature.RetrieveComplement" description="Retrieve Complement" executed="True" result="Success" success="True" time="0.290" asserts="1" />
                </results>
              </test-suite>
            </results>
          </test-suite>
        </results>
      </test-suite>
    </results>
  </test-suite>
</test-results>